#
# A fatal error has been detected by the Java Runtime Environment:
#
#  SIGSEGV (0xb) at pc=0x000000010c45a7be, pid=17952, tid=0x0000000000002403
#
# JRE version: OpenJDK Runtime Environment (8.0_152-b08) (build 1.8.0_152-release-915-b08)
# Java VM: OpenJDK 64-Bit Server VM (25.152-b08 mixed mode bsd-amd64 compressed oops)
# Problematic frame:
# V  [libjvm.dylib+0x45a7be]
#
# Failed to write core dump. Core dumps have been disabled. To enable core dumping, try "ulimit -c unlimited" before starting Java again
#
# If you would like to submit a bug report, please visit:
#   http://bugreport.java.com/bugreport/crash.jsp
#

---------------  T H R E A D  ---------------

Current thread (0x00007fc64a807000):  GCTaskThread [stack: 0x0000700006ea1000,0x0000700006fa1000] [id=9219]

siginfo: si_signo: 11 (SIGSEGV), si_code: 1 (SEGV_MAPERR), si_addr: 0x0000000000000030

Registers:
RAX=0x000000010c7e0d60, RBX=0x000000010c7f7128, RCX=0x9104891112221203, RDX=0x000000000002b801
RSP=0x0000700006fa0c00, RBP=0x0000700006fa0c80, RSI=0x00007fc648e0c9d0, RDI=0x0000000000000028
R8 =0x00000000000000ae, R9 =0x000000010c7f1d5b, R10=0x00000001202ea290, R11=0x000000011eaea290
R12=0x0000000765751738, R13=0x0000000000000004, R14=0x0000000765751848, R15=0x00000007657171d8
RIP=0x000000010c45a7be, EFLAGS=0x0000000000010206, ERR=0x0000000000000004
  TRAPNO=0x000000000000000e

Top of Stack: (sp=0x0000700006fa0c00)
0x0000700006fa0c00:   00007fc648e0c9d0 000000076574a4e8
0x0000700006fa0c10:   0000700006fa0c80 0000000000000800
0x0000700006fa0c20:   000000076574f838 00000007601aee28
0x0000700006fa0c30:   00007fc648e0ca10 0000000000000800
0x0000700006fa0c40:   00007fc648e0c9d0 00000007c081d9b0
0x0000700006fa0c50:   00007fc648e0c9d0 00007fc648e0c9d0
0x0000700006fa0c60:   000000010c7f65e0 000000010c7e0d60
0x0000700006fa0c70:   00007fc648e0c9d8 000000010c7f1d59
0x0000700006fa0c80:   0000700006fa0d00 000000010c4686df
0x0000700006fa0c90:   0000700006fa0c01 00007fc648e0ca10
0x0000700006fa0ca0:   00007fc648e0ca90 000000076574a4e8
0x0000700006fa0cb0:   00007fc648e0ca58 0000281b0000680f
0x0000700006fa0cc0:   0000700009186a58 000000076574f838
0x0000700006fa0cd0:   00007fc600000600 00007fc648e0c9d0
0x0000700006fa0ce0:   00007fc648f03cc0 000000010c5a1370
0x0000700006fa0cf0:   00007fc648f03cc0 0000000000000001
0x0000700006fa0d00:   0000700006fa0dc0 000000010c45a164
0x0000700006fa0d10:   00007fc648c059e8 00007fc648c05c50
0x0000700006fa0d20:   00007fc648c05c80 00007fc648c05c90
0x0000700006fa0d30:   00007fc648c06068 00000000000003d8
0x0000700006fa0d40:   000000010c7ba1b8 000000010c413700
0x0000700006fa0d50:   00007fc648e0c9d0 000000010c7b4f90
0x0000700006fa0d60:   000000010c7f1f00 0000700006fa0d40
0x0000700006fa0d70:   000000010c7b4f78 000000010c252b00
0x0000700006fa0d80:   0000700006fa0d40 00007fc648c05901
0x0000700006fa0d90:   000000010c7b4ff0 000000010c252a00
0x0000700006fa0da0:   0000700006fa0d40 00007fc64eb90300
0x0000700006fa0db0:   00007fc64a807000 0000000000000000
0x0000700006fa0dc0:   0000700006fa0ea0 000000010c2539a8
0x0000700006fa0dd0:   000000010c7f1e60 00007fc64a807000
0x0000700006fa0de0:   00007fc648c06070 00007fc648c060b0
0x0000700006fa0df0:   00007fc648c060c0 00007fc648c06198 

Instructions: (pc=0x000000010c45a7be)
0x000000010c45a79e:   8a 10 84 d2 74 16 48 8d 05 b5 65 38 00 8a 48 08
0x000000010c45a7ae:   41 8b 7f 08 48 d3 e7 48 03 38 eb 04 49 8b 7f 08
0x000000010c45a7be:   8b 47 08 85 c0 7e 09 a8 01 75 07 c1 f8 03 eb 4e
0x000000010c45a7ce:   78 0e 48 8b 07 4c 89 fe ff 90 e8 00 00 00 eb 3e 

Register to memory mapping:

RAX=0x000000010c7e0d60: _ZN8Universe13_narrow_klassE+0 in /Applications/Android Studio.app/Contents/jre/jdk/Contents/Home/jre/lib/server/libjvm.dylib at 0x000000010c000000
RBX=0x000000010c7f7128: _ZN17PSParallelCompact12_mark_bitmapE+0 in /Applications/Android Studio.app/Contents/jre/jdk/Contents/Home/jre/lib/server/libjvm.dylib at 0x000000010c000000
RCX=0x9104891112221203 is an unknown value
RDX=0x000000000002b801 is an unknown value
RSP=0x0000700006fa0c00 is an unknown value
RBP=0x0000700006fa0c80 is an unknown value
RSI=0x00007fc648e0c9d0 is an unknown value
RDI=0x0000000000000028 is an unknown value
R8 =0x00000000000000ae is an unknown value
R9 =0x000000010c7f1d5b: AssumeMP+0 in /Applications/Android Studio.app/Contents/jre/jdk/Contents/Home/jre/lib/server/libjvm.dylib at 0x000000010c000000
R10=0x00000001202ea290 is an unknown value
R11=0x000000011eaea290 is an unknown value
R12=0x0000000765751738 is pointing into object: 0x000000076574f838
[Ljava.lang.Object; 
 - klass: 'java/lang/Object'[]
 - length: 2048
R13=0x0000000000000004 is an unknown value
R14=0x0000000765751848 is an oop
[Ljava.lang.Object; 
 - klass: 'java/lang/Object'[]
 - length: 10
R15=0x00000007657171d8 is pointing into object: 0x00000007657171c0
com.sun.tools.javac.tree.JCTree$JCModifiers 
 - klass: 'com/sun/tools/javac/tree/JCTree$JCModifiers'


Stack: [0x0000700006ea1000,0x0000700006fa1000],  sp=0x0000700006fa0c00,  free space=1023k
Native frames: (J=compiled Java code, j=interpreted, Vv=VM code, C=native code)
V  [libjvm.dylib+0x45a7be]
V  [libjvm.dylib+0x4686df]
V  [libjvm.dylib+0x45a164]
V  [libjvm.dylib+0x2539a8]
V  [libjvm.dylib+0x4345d9]
C  [libsystem_pthread.dylib+0x393b]  _pthread_body+0xb4
C  [libsystem_pthread.dylib+0x3887]  _pthread_body+0x0
C  [libsystem_pthread.dylib+0x308d]  thread_start+0xd


---------------  P R O C E S S  ---------------

Java Threads: ( => current thread )
  0x00007fc64975a000 JavaThread "Task worker for ':' Thread 3" [_thread_blocked, id=4631, stack(0x000070000918a000,0x000070000928a000)]
  0x00007fc64a6ff000 JavaThread "Task worker for ':' Thread 2" [_thread_blocked, id=24595, stack(0x0000700009087000,0x0000700009187000)]
  0x00007fc64a4a5000 JavaThread "Task worker for ':'" [_thread_blocked, id=24851, stack(0x0000700008f84000,0x0000700009084000)]
  0x00007fc64d0b2800 JavaThread "Cache worker for task history cache (/Users/fr9b/Documents/Newton/Android App/betterSkistar/.gradle/4.1/taskHistory)" [_thread_blocked, id=22803, stack(0x0000700008e81000,0x0000700008f81000)]
  0x00007fc64c339000 JavaThread "Cache worker for file content cache (/Users/fr9b/Documents/Newton/Android App/betterSkistar/.gradle/4.1/fileContent)" [_thread_blocked, id=25107, stack(0x0000700008d7e000,0x0000700008e7e000)]
  0x00007fc64d926800 JavaThread "build operations Thread 4" [_thread_blocked, id=23059, stack(0x0000700008b78000,0x0000700008c78000)]
  0x00007fc64eac7800 JavaThread "build operations Thread 3" [_thread_blocked, id=21011, stack(0x0000700008a75000,0x0000700008b75000)]
  0x00007fc64d679800 JavaThread "build operations Thread 2" [_thread_blocked, id=33039, stack(0x0000700008972000,0x0000700008a72000)]
  0x00007fc64eac7000 JavaThread "build operations" [_thread_blocked, id=32527, stack(0x000070000886f000,0x000070000896f000)]
  0x00007fc64d44b000 JavaThread "Cache worker for Artifact transforms cache (/Users/fr9b/.gradle/caches/transforms-1)" [_thread_blocked, id=33551, stack(0x000070000876c000,0x000070000886c000)]
  0x00007fc64e9da000 JavaThread "Cache worker for file hash cache (/Users/fr9b/Documents/Newton/Android App/betterSkistar/.gradle/4.1/fileHashes)" [_thread_blocked, id=32015, stack(0x0000700008669000,0x0000700008769000)]
  0x00007fc64a65c000 JavaThread "Stdin handler" [_thread_blocked, id=37131, stack(0x0000700008360000,0x0000700008460000)]
  0x00007fc64a5ec000 JavaThread "Asynchronous log dispatcher for DefaultDaemonConnection: socket connection from /127.0.0.4:50163 to /127.0.0.4:50207" [_thread_blocked, id=31499, stack(0x000070000825d000,0x000070000835d000)]
  0x00007fc649251000 JavaThread "Cancel handler" [_thread_blocked, id=35083, stack(0x0000700008057000,0x0000700008157000)]
  0x00007fc649ce9000 JavaThread "Handler for socket connection from /127.0.0.4:50163 to /127.0.0.4:50207" [_thread_in_native, id=34571, stack(0x0000700007f54000,0x0000700008054000)]
  0x00007fc64977e000 JavaThread "Memory manager" [_thread_blocked, id=26883, stack(0x0000700008c7b000,0x0000700008d7b000)]
  0x00007fc64983c000 JavaThread "File lock request listener" [_thread_in_native, id=24067, stack(0x0000700008566000,0x0000700008666000)]
  0x00007fc649083800 JavaThread "Cache worker for file hash cache (/Users/fr9b/.gradle/caches/4.1/fileHashes)" [_thread_blocked, id=23555, stack(0x0000700008463000,0x0000700008563000)]
  0x00007fc64ad21000 JavaThread "Daemon worker" [_thread_blocked, id=22019, stack(0x000070000815a000,0x000070000825a000)]
  0x00007fc649582800 JavaThread "Daemon" [_thread_blocked, id=20483, stack(0x0000700007e51000,0x0000700007f51000)]
  0x00007fc64acd6800 JavaThread "Daemon periodic checks" [_thread_blocked, id=19971, stack(0x0000700007d4e000,0x0000700007e4e000)]
  0x00007fc64953a000 JavaThread "Incoming local TCP Connector on port 50163" [_thread_in_native, id=19459, stack(0x0000700007c4b000,0x0000700007d4b000)]
  0x00007fc649829000 JavaThread "Service Thread" daemon [_thread_blocked, id=18435, stack(0x0000700007a45000,0x0000700007b45000)]
  0x00007fc64902f800 JavaThread "C1 CompilerThread2" daemon [_thread_blocked, id=17923, stack(0x0000700007942000,0x0000700007a42000)]
  0x00007fc64902e800 JavaThread "C2 CompilerThread1" daemon [_thread_blocked, id=17411, stack(0x000070000783f000,0x000070000793f000)]
  0x00007fc64a008000 JavaThread "C2 CompilerThread0" daemon [_thread_blocked, id=16899, stack(0x000070000773c000,0x000070000783c000)]
  0x00007fc64902d000 JavaThread "Signal Dispatcher" daemon [_thread_blocked, id=16387, stack(0x0000700007639000,0x0000700007739000)]
  0x00007fc649811800 JavaThread "Finalizer" daemon [_thread_blocked, id=12291, stack(0x00007000074b3000,0x00007000075b3000)]
  0x00007fc64a818000 JavaThread "Reference Handler" daemon [_thread_blocked, id=11779, stack(0x00007000073b0000,0x00007000074b0000)]
  0x00007fc649002000 JavaThread "main" [_thread_blocked, id=6915, stack(0x0000700006d9e000,0x0000700006e9e000)]

Other Threads:
  0x00007fc64980f000 VMThread [stack: 0x00007000072ad000,0x00007000073ad000] [id=11267]
  0x00007fc64a000800 WatcherThread [stack: 0x0000700007b48000,0x0000700007c48000] [id=18947]

=>0x00007fc64a807000 (exited) GCTaskThread [stack: 0x0000700006ea1000,0x0000700006fa1000] [id=9219]

VM state:at safepoint (normal execution)

VM Mutex/Monitor currently owned by a thread:  ([mutex/lock_event])
[0x00007fc648c01710] Threads_lock - owner thread: 0x00007fc64980f000
[0x00007fc648c01c10] Heap_lock - owner thread: 0x00007fc64975a000

Heap:
 PSYoungGen      total 334848K, used 126201K [0x00000007a0000000, 0x00000007c0000000, 0x00000007c0000000)
  eden space 179200K, 0% used [0x00000007a0000000,0x00000007a0000000,0x00000007aaf00000)
  from space 155648K, 81% used [0x00000007b6800000,0x00000007be33e4f8,0x00000007c0000000)
  to   space 172544K, 0% used [0x00000007aaf00000,0x00000007aaf00000,0x00000007b5780000)
 ParOldGen       total 349184K, used 299886K [0x0000000760000000, 0x0000000775500000, 0x00000007a0000000)
  object space 349184K, 85% used [0x0000000760000000,0x00000007724db9c8,0x0000000775500000)
 Metaspace       used 90544K, capacity 94178K, committed 94296K, reserved 1130496K
  class space    used 11706K, capacity 12604K, committed 12672K, reserved 1048576K

Card table byte_map: [0x000000010ce26000,0x000000010d127000] byte_map_base: 0x0000000109326000

Marking Bits: (ParMarkBitMap*) 0x000000010c7f7128
 Begin Bits: [0x000000011e98d000, 0x000000012018d000)
 End Bits:   [0x000000012018d000, 0x000000012198d000)

Polling page: 0x000000010b7eb000

CodeCache: size=245760Kb used=38503Kb max_used=38503Kb free=207256Kb
 bounds [0x000000010f98d000, 0x0000000111f5d000, 0x000000011e98d000]
 total_blobs=13070 nmethods=12259 adapters=724
 compilation: enabled

Compilation events (10 events):
Event: 174.548 Thread 0x00007fc64902f800 14893       3       com.sun.tools.javac.util.Convert::string2long (107 bytes)
Event: 174.549 Thread 0x00007fc64902f800 nmethod 14893 0x0000000111f564d0 code [0x0000000111f566c0, 0x0000000111f56f08]
Event: 174.552 Thread 0x00007fc64902f800 14894       3       com.sun.tools.javac.tree.JCTree$JCNewClass::accept (6 bytes)
Event: 174.552 Thread 0x00007fc64902f800 nmethod 14894 0x0000000111f57390 code [0x0000000111f57500, 0x0000000111f57728]
Event: 174.553 Thread 0x00007fc64902f800 14895       3       com.sun.tools.javac.processing.JavacProcessingEnvironment$1::visitNewClass (11 bytes)
Event: 174.553 Thread 0x00007fc64902f800 nmethod 14895 0x0000000111f57810 code [0x0000000111f57980, 0x0000000111f57b28]
Event: 174.587 Thread 0x00007fc64902f800 14896       3       com.sun.tools.javac.comp.Resolve::notOverriddenIn (96 bytes)
Event: 174.589 Thread 0x00007fc64902f800 nmethod 14896 0x0000000111f57c10 code [0x0000000111f57f00, 0x0000000111f59b28]
Event: 174.589 Thread 0x00007fc64902f800 14897       3       com.sun.tools.javac.comp.Check::checkClassType (46 bytes)
Event: 174.591 Thread 0x00007fc64902f800 nmethod 14897 0x0000000111f5a910 code [0x0000000111f5ab80, 0x0000000111f5baa8]

GC Heap History (10 events):
Event: 98.833 GC heap after
Heap after GC invocations=18 (full 4):
 PSYoungGen      total 250880K, used 35070K [0x00000007a0000000, 0x00000007b7f00000, 0x00000007c0000000)
  eden space 201216K, 0% used [0x00000007a0000000,0x00000007a0000000,0x00000007ac480000)
  from space 49664K, 70% used [0x00000007b1480000,0x00000007b36bf8f8,0x00000007b4500000)
  to   space 81920K, 0% used [0x00000007ac480000,0x00000007ac480000,0x00000007b1480000)
 ParOldGen       total 349184K, used 152086K [0x0000000760000000, 0x0000000775500000, 0x00000007a0000000)
  object space 349184K, 43% used [0x0000000760000000,0x0000000769485830,0x0000000775500000)
 Metaspace       used 76159K, capacity 78802K, committed 78936K, reserved 1118208K
  class space    used 9924K, capacity 10576K, committed 10624K, reserved 1048576K
}
Event: 100.414 GC heap before
{Heap before GC invocations=19 (full 4):
 PSYoungGen      total 250880K, used 236286K [0x00000007a0000000, 0x00000007b7f00000, 0x00000007c0000000)
  eden space 201216K, 100% used [0x00000007a0000000,0x00000007ac480000,0x00000007ac480000)
  from space 49664K, 70% used [0x00000007b1480000,0x00000007b36bf8f8,0x00000007b4500000)
  to   space 81920K, 0% used [0x00000007ac480000,0x00000007ac480000,0x00000007b1480000)
 ParOldGen       total 349184K, used 152086K [0x0000000760000000, 0x0000000775500000, 0x00000007a0000000)
  object space 349184K, 43% used [0x0000000760000000,0x0000000769485830,0x0000000775500000)
 Metaspace       used 77362K, capacity 80282K, committed 80344K, reserved 1118208K
  class space    used 10016K, capacity 10720K, committed 10752K, reserved 1048576K
Event: 100.505 GC heap after
Heap after GC invocations=19 (full 4):
 PSYoungGen      total 283136K, used 70060K [0x00000007a0000000, 0x00000007ba780000, 0x00000007c0000000)
  eden space 201216K, 0% used [0x00000007a0000000,0x00000007a0000000,0x00000007ac480000)
  from space 81920K, 85% used [0x00000007ac480000,0x00000007b08eb308,0x00000007b1480000)
  to   space 92160K, 0% used [0x00000007b4d80000,0x00000007b4d80000,0x00000007ba780000)
 ParOldGen       total 349184K, used 161807K [0x0000000760000000, 0x0000000775500000, 0x00000007a0000000)
  object space 349184K, 46% used [0x0000000760000000,0x0000000769e03c58,0x0000000775500000)
 Metaspace       used 77362K, capacity 80282K, committed 80344K, reserved 1118208K
  class space    used 10016K, capacity 10720K, committed 10752K, reserved 1048576K
}
Event: 150.444 GC heap before
{Heap before GC invocations=20 (full 4):
 PSYoungGen      total 283136K, used 271276K [0x00000007a0000000, 0x00000007ba780000, 0x00000007c0000000)
  eden space 201216K, 100% used [0x00000007a0000000,0x00000007ac480000,0x00000007ac480000)
  from space 81920K, 85% used [0x00000007ac480000,0x00000007b08eb308,0x00000007b1480000)
  to   space 92160K, 0% used [0x00000007b4d80000,0x00000007b4d80000,0x00000007ba780000)
 ParOldGen       total 349184K, used 161807K [0x0000000760000000, 0x0000000775500000, 0x00000007a0000000)
  object space 349184K, 46% used [0x0000000760000000,0x0000000769e03c58,0x0000000775500000)
 Metaspace       used 81510K, capacity 84742K, committed 84824K, reserved 1122304K
  class space    used 10557K, capacity 11324K, committed 11392K, reserved 1048576K
Event: 150.683 GC heap after
Heap after GC invocations=20 (full 4):
 PSYoungGen      total 318976K, used 92137K [0x00000007a0000000, 0x00000007bce00000, 0x00000007c0000000)
  eden space 226816K, 0% used [0x00000007a0000000,0x00000007a0000000,0x00000007add80000)
  from space 92160K, 99% used [0x00000007b4d80000,0x00000007ba77a6a0,0x00000007ba780000)
  to   space 114688K, 0% used [0x00000007add80000,0x00000007add80000,0x00000007b4d80000)
 ParOldGen       total 349184K, used 180283K [0x0000000760000000, 0x0000000775500000, 0x00000007a0000000)
  object space 349184K, 51% used [0x0000000760000000,0x000000076b00ede8,0x0000000775500000)
 Metaspace       used 81510K, capacity 84742K, committed 84824K, reserved 1122304K
  class space    used 10557K, capacity 11324K, committed 11392K, reserved 1048576K
}
Event: 172.937 GC heap before
{Heap before GC invocations=21 (full 4):
 PSYoungGen      total 318976K, used 318953K [0x00000007a0000000, 0x00000007bce00000, 0x00000007c0000000)
  eden space 226816K, 100% used [0x00000007a0000000,0x00000007add80000,0x00000007add80000)
  from space 92160K, 99% used [0x00000007b4d80000,0x00000007ba77a6a0,0x00000007ba780000)
  to   space 114688K, 0% used [0x00000007add80000,0x00000007add80000,0x00000007b4d80000)
 ParOldGen       total 349184K, used 180283K [0x0000000760000000, 0x0000000775500000, 0x00000007a0000000)
  object space 349184K, 51% used [0x0000000760000000,0x000000076b00ede8,0x0000000775500000)
 Metaspace       used 86128K, capacity 89620K, committed 89816K, reserved 1126400K
  class space    used 11158K, capacity 11995K, committed 12032K, reserved 1048576K
Event: 173.100 GC heap after
Heap after GC invocations=21 (full 4):
 PSYoungGen      total 341504K, used 114674K [0x00000007a0000000, 0x00000007c0000000, 0x00000007c0000000)
  eden space 226816K, 0% used [0x00000007a0000000,0x00000007a0000000,0x00000007add80000)
  from space 114688K, 99% used [0x00000007add80000,0x00000007b4d7c938,0x00000007b4d80000)
  to   space 155648K, 0% used [0x00000007b6800000,0x00000007b6800000,0x00000007c0000000)
 ParOldGen       total 349184K, used 236575K [0x0000000760000000, 0x0000000775500000, 0x00000007a0000000)
  object space 349184K, 67% used [0x0000000760000000,0x000000076e707fc0,0x0000000775500000)
 Metaspace       used 86128K, capacity 89620K, committed 89816K, reserved 1126400K
  class space    used 11158K, capacity 11995K, committed 12032K, reserved 1048576K
}
Event: 174.600 GC heap before
{Heap before GC invocations=22 (full 4):
 PSYoungGen      total 341504K, used 341490K [0x00000007a0000000, 0x00000007c0000000, 0x00000007c0000000)
  eden space 226816K, 100% used [0x00000007a0000000,0x00000007add80000,0x00000007add80000)
  from space 114688K, 99% used [0x00000007add80000,0x00000007b4d7c938,0x00000007b4d80000)
  to   space 155648K, 0% used [0x00000007b6800000,0x00000007b6800000,0x00000007c0000000)
 ParOldGen       total 349184K, used 236575K [0x0000000760000000, 0x0000000775500000, 0x00000007a0000000)
  object space 349184K, 67% used [0x0000000760000000,0x000000076e707fc0,0x0000000775500000)
 Metaspace       used 90544K, capacity 94178K, committed 94296K, reserved 1130496K
  class space    used 11706K, capacity 12604K, committed 12672K, reserved 1048576K
Event: 174.980 GC heap after
Heap after GC invocations=22 (full 4):
 PSYoungGen      total 334848K, used 126201K [0x00000007a0000000, 0x00000007c0000000, 0x00000007c0000000)
  eden space 179200K, 0% used [0x00000007a0000000,0x00000007a0000000,0x00000007aaf00000)
  from space 155648K, 81% used [0x00000007b6800000,0x00000007be33e4f8,0x00000007c0000000)
  to   space 172544K, 0% used [0x00000007aaf00000,0x00000007aaf00000,0x00000007b5780000)
 ParOldGen       total 349184K, used 299886K [0x0000000760000000, 0x0000000775500000, 0x00000007a0000000)
  object space 349184K, 85% used [0x0000000760000000,0x00000007724db9c8,0x0000000775500000)
 Metaspace       used 90544K, capacity 94178K, committed 94296K, reserved 1130496K
  class space    used 11706K, capacity 12604K, committed 12672K, reserved 1048576K
}
Event: 174.980 GC heap before
{Heap before GC invocations=23 (full 5):
 PSYoungGen      total 334848K, used 126201K [0x00000007a0000000, 0x00000007c0000000, 0x00000007c0000000)
  eden space 179200K, 0% used [0x00000007a0000000,0x00000007a0000000,0x00000007aaf00000)
  from space 155648K, 81% used [0x00000007b6800000,0x00000007be33e4f8,0x00000007c0000000)
  to   space 172544K, 0% used [0x00000007aaf00000,0x00000007aaf00000,0x00000007b5780000)
 ParOldGen       total 349184K, used 299886K [0x0000000760000000, 0x0000000775500000, 0x00000007a0000000)
  object space 349184K, 85% used [0x0000000760000000,0x00000007724db9c8,0x0000000775500000)
 Metaspace       used 90544K, capacity 94178K, committed 94296K, reserved 1130496K
  class space    used 11706K, capacity 12604K, committed 12672K, reserved 1048576K

Deoptimization events (10 events):
Event: 172.754 Thread 0x00007fc649ce9000 Uncommon trap: reason=class_check action=maybe_recompile pc=0x000000011198ce20 method=java.lang.reflect.Array.newInstance(Ljava/lang/Class;I)Ljava/lang/Object; @ 2
Event: 172.755 Thread 0x00007fc649ce9000 Uncommon trap: reason=class_check action=maybe_recompile pc=0x000000011198ce20 method=java.lang.reflect.Array.newInstance(Ljava/lang/Class;I)Ljava/lang/Object; @ 2
Event: 173.319 Thread 0x00007fc64ad21000 Uncommon trap: reason=class_check action=maybe_recompile pc=0x0000000110bf2554 method=com.google.common.collect.AbstractMapBasedMultimap$WrappedCollection.refreshIfEmpty()V @ 40
Event: 173.433 Thread 0x00007fc64a4a5000 Uncommon trap: reason=unstable_if action=reinterpret pc=0x0000000111d73284 method=com.sun.org.apache.xerces.internal.dom.DeferredDocumentImpl.getPrevSibling(IZ)I @ 2
Event: 173.434 Thread 0x00007fc64a4a5000 Uncommon trap: reason=class_check action=maybe_recompile pc=0x0000000110cf843c method=com.sun.org.apache.xerces.internal.dom.ElementImpl.getAttributes()Lorg/w3c/dom/NamedNodeMap; @ 8
Event: 173.869 Thread 0x00007fc64975a000 Uncommon trap: reason=array_check action=maybe_recompile pc=0x0000000111d92d24 method=java.util.ComparableTimSort.binarySort([Ljava/lang/Object;III)V @ 193
Event: 173.871 Thread 0x00007fc64975a000 Uncommon trap: reason=array_check action=maybe_recompile pc=0x0000000111d92ddc method=java.util.ComparableTimSort.binarySort([Ljava/lang/Object;III)V @ 183
Event: 173.874 Thread 0x00007fc64975a000 Uncommon trap: reason=array_check action=maybe_recompile pc=0x0000000111d92d24 method=java.util.ComparableTimSort.binarySort([Ljava/lang/Object;III)V @ 193
Event: 173.903 Thread 0x00007fc64975a000 Uncommon trap: reason=class_check action=maybe_recompile pc=0x000000011105d4b0 method=org.apache.xerces.impl.XMLDocumentFragmentScannerImpl.scanStartElement()Z @ 309
Event: 174.522 Thread 0x00007fc64975a000 Uncommon trap: reason=array_check action=maybe_recompile pc=0x0000000111d92c6c method=java.util.ComparableTimSort.binarySort([Ljava/lang/Object;III)V @ 215

Classes redefined (0 events):
No events

Internal exceptions (10 events):
Event: 149.326 Thread 0x00007fc64ad21000 Exception <a 'java/lang/ClassNotFoundException': sync_local_repo3411_1lr4moc1yrx43p7eo3zaqtydsCustomizer> (0x00000007a7d87f30) thrown at [/Volumes/android/AOSP-openjdk-git/jdk8u/hotspot/src/share/vm/classfile/systemDictionary.cpp, line 210]
Event: 151.465 Thread 0x00007fc64ad21000 Exception <a 'java/lang/NoSuchMethodError': <clinit>> (0x00000007a3951318) thrown at [/Volumes/android/AOSP-openjdk-git/jdk8u/hotspot/src/share/vm/prims/jni.cpp, line 1613]
Event: 151.808 Thread 0x00007fc64ad21000 Exception <a 'java/lang/ClassNotFoundException': com/sun/org/glassfish/hk2/osgiresourcelocator/ServiceLoader> (0x00000007a76ca598) thrown at [/Volumes/android/AOSP-openjdk-git/jdk8u/hotspot/src/share/vm/classfile/systemDictionary.cpp, line 210]
Event: 152.974 Thread 0x00007fc64ad21000 Exception <a 'java/lang/reflect/InvocationTargetException'> (0x00000007abf2a080) thrown at [/Volumes/android/AOSP-openjdk-git/jdk8u/hotspot/src/share/vm/runtime/reflection.cpp, line 1092]
Event: 153.011 Thread 0x00007fc64ad21000 Exception <a 'sun/nio/fs/UnixException'> (0x00000007ac4cfe10) thrown at [/Volumes/android/AOSP-openjdk-git/jdk8u/hotspot/src/share/vm/prims/jni.cpp, line 709]
Event: 153.053 Thread 0x00007fc649582800 Exception <a 'java/lang/NoSuchMethodError': <clinit>> (0x00000007ac6ce050) thrown at [/Volumes/android/AOSP-openjdk-git/jdk8u/hotspot/src/share/vm/prims/jni.cpp, line 1613]
Event: 172.800 Thread 0x00007fc64ad21000 Exception <a 'java/lang/ClassNotFoundException': sync_local_repo1267_djyfmkotloxobydgle3olhhqqBeanInfo> (0x00000007acbd1648) thrown at [/Volumes/android/AOSP-openjdk-git/jdk8u/hotspot/src/share/vm/classfile/systemDictionary.cpp, line 210]
Event: 172.800 Thread 0x00007fc64ad21000 Exception <a 'java/lang/ClassNotFoundException': sync_local_repo1267_djyfmkotloxobydgle3olhhqqCustomizer> (0x00000007acbdd7c8) thrown at [/Volumes/android/AOSP-openjdk-git/jdk8u/hotspot/src/share/vm/classfile/systemDictionary.cpp, line 210]
Event: 173.868 Thread 0x00007fc64975a000 Exception <a 'java/lang/NoSuchMethodError': <clinit>> (0x00000007a6e00900) thrown at [/Volumes/android/AOSP-openjdk-git/jdk8u/hotspot/src/share/vm/prims/jni.cpp, line 1613]
Event: 174.045 Thread 0x00007fc64975a000 Exception <a 'java/lang/ClassNotFoundException': com/sun/org/glassfish/hk2/osgiresourcelocator/ServiceLoader> (0x00000007aa8ae100) thrown at [/Volumes/android/AOSP-openjdk-git/jdk8u/hotspot/src/share/vm/classfile/systemDictionary.cpp, line 210]

Events (10 events):
Event: 174.533 loading class android/databinding/tool/writer/BindingMapperWriter$write$1$1$5$2$2$1$1$1 done
Event: 174.534 loading class android/databinding/tool/writer/BindingMapperWriter$write$1$1$6
Event: 174.534 loading class android/databinding/tool/writer/BindingMapperWriter$write$1$1$6 done
Event: 174.534 loading class android/databinding/tool/writer/BindingMapperWriter$write$1$1$6$1
Event: 174.534 loading class android/databinding/tool/writer/BindingMapperWriter$write$1$1$6$1 done
Event: 174.535 loading class android/databinding/tool/writer/BindingMapperWriter$write$1$1$7
Event: 174.535 loading class android/databinding/tool/writer/BindingMapperWriter$write$1$1$7 done
Event: 174.535 loading class android/databinding/tool/writer/BindingMapperWriter$write$1$1$7$1
Event: 174.535 loading class android/databinding/tool/writer/BindingMapperWriter$write$1$1$7$1 done
Event: 174.599 Executing VM operation: ParallelGCFailedAllocation


Dynamic libraries:
0x0000000025c0b000 	/System/Library/Frameworks/Cocoa.framework/Versions/A/Cocoa
0x0000000025c0b000 	/System/Library/Frameworks/Security.framework/Versions/A/Security
0x0000000025c0b000 	/System/Library/Frameworks/ApplicationServices.framework/Versions/A/ApplicationServices
0x0000000025c0b000 	/usr/lib/libz.1.dylib
0x0000000025c0b000 	/usr/lib/libSystem.B.dylib
0x0000000025c0b000 	/System/Library/Frameworks/CoreFoundation.framework/Versions/A/CoreFoundation
0x0000000025c0b000 	/System/Library/Frameworks/Foundation.framework/Versions/C/Foundation
0x0000000025c0b000 	/usr/lib/libobjc.A.dylib
0x0000000025c0b000 	/System/Library/Frameworks/AppKit.framework/Versions/C/AppKit
0x0000000025c0b000 	/System/Library/Frameworks/CoreData.framework/Versions/A/CoreData
0x0000000025c0b000 	/System/Library/PrivateFrameworks/RemoteViewServices.framework/Versions/A/RemoteViewServices
0x0000000025c0b000 	/System/Library/PrivateFrameworks/UIFoundation.framework/Versions/A/UIFoundation
0x0000000025c0b000 	/System/Library/PrivateFrameworks/DFRFoundation.framework/Versions/A/DFRFoundation
0x0000000025c0b000 	/usr/lib/libenergytrace.dylib
0x0000000025c0b000 	/System/Library/PrivateFrameworks/SkyLight.framework/Versions/A/SkyLight
0x0000000025c0b000 	/System/Library/Frameworks/CoreGraphics.framework/Versions/A/CoreGraphics
0x0000000025c0b000 	/usr/lib/libScreenReader.dylib
0x0000000025c0b000 	/System/Library/Frameworks/Accelerate.framework/Versions/A/Accelerate
0x0000000025c0b000 	/System/Library/Frameworks/IOSurface.framework/Versions/A/IOSurface
0x0000000025c0b000 	/System/Library/Frameworks/AudioToolbox.framework/Versions/A/AudioToolbox
0x0000000025c0b000 	/System/Library/Frameworks/AudioUnit.framework/Versions/A/AudioUnit
0x0000000025c0b000 	/System/Library/PrivateFrameworks/DataDetectorsCore.framework/Versions/A/DataDetectorsCore
0x0000000025c0b000 	/System/Library/PrivateFrameworks/DesktopServicesPriv.framework/Versions/A/DesktopServicesPriv
0x0000000025c0b000 	/System/Library/Frameworks/Carbon.framework/Versions/A/Frameworks/HIToolbox.framework/Versions/A/HIToolbox
0x0000000025c0b000 	/usr/lib/libicucore.A.dylib
0x0000000025c0b000 	/System/Library/Frameworks/QuartzCore.framework/Versions/A/QuartzCore
0x0000000025c0b000 	/System/Library/Frameworks/Carbon.framework/Versions/A/Frameworks/SpeechRecognition.framework/Versions/A/SpeechRecognition
0x0000000025c0b000 	/usr/lib/libauto.dylib
0x0000000025c0b000 	/usr/lib/libxml2.2.dylib
0x0000000025c0b000 	/System/Library/PrivateFrameworks/CoreUI.framework/Versions/A/CoreUI
0x0000000025c0b000 	/System/Library/Frameworks/CoreAudio.framework/Versions/A/CoreAudio
0x0000000025c0b000 	/System/Library/Frameworks/DiskArbitration.framework/Versions/A/DiskArbitration
0x0000000025c0b000 	/usr/lib/liblangid.dylib
0x0000000025c0b000 	/System/Library/PrivateFrameworks/MultitouchSupport.framework/Versions/A/MultitouchSupport
0x0000000025c0b000 	/System/Library/Frameworks/IOKit.framework/Versions/A/IOKit
0x0000000025c0b000 	/usr/lib/libDiagnosticMessagesClient.dylib
0x0000000025c0b000 	/System/Library/Frameworks/CoreServices.framework/Versions/A/CoreServices
0x0000000025c0b000 	/System/Library/PrivateFrameworks/PerformanceAnalysis.framework/Versions/A/PerformanceAnalysis
0x0000000025c0b000 	/System/Library/PrivateFrameworks/GenerationalStorage.framework/Versions/A/GenerationalStorage
0x0000000025c0b000 	/System/Library/Frameworks/OpenGL.framework/Versions/A/OpenGL
0x0000000025c0b000 	/System/Library/Frameworks/CoreImage.framework/Versions/A/CoreImage
0x0000000025c0b000 	/System/Library/Frameworks/CoreText.framework/Versions/A/CoreText
0x0000000025c0b000 	/System/Library/Frameworks/ImageIO.framework/Versions/A/ImageIO
0x0000000025c0b000 	/System/Library/PrivateFrameworks/Backup.framework/Versions/A/Backup
0x0000000025c0b000 	/usr/lib/libarchive.2.dylib
0x0000000025c0b000 	/System/Library/Frameworks/CFNetwork.framework/Versions/A/CFNetwork
0x0000000025c0b000 	/System/Library/Frameworks/SystemConfiguration.framework/Versions/A/SystemConfiguration
0x0000000025c0b000 	/usr/lib/libCRFSuite.dylib
0x0000000025c0b000 	/usr/lib/libc++.1.dylib
0x0000000025c0b000 	/usr/lib/libc++abi.dylib
0x0000000025c0b000 	/usr/lib/system/libcache.dylib
0x0000000025c0b000 	/usr/lib/system/libcommonCrypto.dylib
0x0000000025c0b000 	/usr/lib/system/libcompiler_rt.dylib
0x0000000025c0b000 	/usr/lib/system/libcopyfile.dylib
0x0000000025c0b000 	/usr/lib/system/libcorecrypto.dylib
0x0000000025c0b000 	/usr/lib/system/libdispatch.dylib
0x0000000025c0b000 	/usr/lib/system/libdyld.dylib
0x0000000025c0b000 	/usr/lib/system/libkeymgr.dylib
0x0000000025c0b000 	/usr/lib/system/liblaunch.dylib
0x0000000025c0b000 	/usr/lib/system/libmacho.dylib
0x0000000025c0b000 	/usr/lib/system/libquarantine.dylib
0x0000000025c0b000 	/usr/lib/system/libremovefile.dylib
0x0000000025c0b000 	/usr/lib/system/libsystem_asl.dylib
0x0000000025c0b000 	/usr/lib/system/libsystem_blocks.dylib
0x0000000025c0b000 	/usr/lib/system/libsystem_c.dylib
0x0000000025c0b000 	/usr/lib/system/libsystem_configuration.dylib
0x0000000025c0b000 	/usr/lib/system/libsystem_coreservices.dylib
0x0000000025c0b000 	/usr/lib/system/libsystem_coretls.dylib
0x0000000025c0b000 	/usr/lib/system/libsystem_dnssd.dylib
0x0000000025c0b000 	/usr/lib/system/libsystem_info.dylib
0x0000000025c0b000 	/usr/lib/system/libsystem_kernel.dylib
0x0000000025c0b000 	/usr/lib/system/libsystem_m.dylib
0x0000000025c0b000 	/usr/lib/system/libsystem_malloc.dylib
0x0000000025c0b000 	/usr/lib/system/libsystem_network.dylib
0x0000000025c0b000 	/usr/lib/system/libsystem_networkextension.dylib
0x0000000025c0b000 	/usr/lib/system/libsystem_notify.dylib
0x0000000025c0b000 	/usr/lib/system/libsystem_platform.dylib
0x0000000025c0b000 	/usr/lib/system/libsystem_pthread.dylib
0x0000000025c0b000 	/usr/lib/system/libsystem_sandbox.dylib
0x0000000025c0b000 	/usr/lib/system/libsystem_secinit.dylib
0x0000000025c0b000 	/usr/lib/system/libsystem_symptoms.dylib
0x0000000025c0b000 	/usr/lib/system/libsystem_trace.dylib
0x0000000025c0b000 	/usr/lib/system/libunwind.dylib
0x0000000025c0b000 	/usr/lib/system/libxpc.dylib
0x0000000025c0b000 	/usr/lib/libbsm.0.dylib
0x0000000025c0b000 	/usr/lib/system/libkxld.dylib
0x0000000025c0b000 	/usr/lib/libcoretls.dylib
0x0000000025c0b000 	/usr/lib/libcoretls_cfhelpers.dylib
0x0000000025c0b000 	/usr/lib/libOpenScriptingUtil.dylib
0x0000000025c0b000 	/usr/lib/libpam.2.dylib
0x0000000025c0b000 	/usr/lib/libsqlite3.dylib
0x0000000025c0b000 	/usr/lib/libxar.1.dylib
0x0000000025c0b000 	/usr/lib/libbz2.1.0.dylib
0x0000000025c0b000 	/usr/lib/liblzma.5.dylib
0x0000000025c0b000 	/usr/lib/libnetwork.dylib
0x0000000025c0b000 	/usr/lib/libpcap.A.dylib
0x0000000025c0b000 	/System/Library/Frameworks/CoreServices.framework/Versions/A/Frameworks/FSEvents.framework/Versions/A/FSEvents
0x0000000025c0b000 	/System/Library/Frameworks/CoreServices.framework/Versions/A/Frameworks/CarbonCore.framework/Versions/A/CarbonCore
0x0000000025c0b000 	/System/Library/Frameworks/CoreServices.framework/Versions/A/Frameworks/Metadata.framework/Versions/A/Metadata
0x0000000025c0b000 	/System/Library/Frameworks/CoreServices.framework/Versions/A/Frameworks/OSServices.framework/Versions/A/OSServices
0x0000000025c0b000 	/System/Library/Frameworks/CoreServices.framework/Versions/A/Frameworks/SearchKit.framework/Versions/A/SearchKit
0x0000000025c0b000 	/System/Library/Frameworks/CoreServices.framework/Versions/A/Frameworks/AE.framework/Versions/A/AE
0x0000000025c0b000 	/System/Library/Frameworks/CoreServices.framework/Versions/A/Frameworks/LaunchServices.framework/Versions/A/LaunchServices
0x0000000025c0b000 	/System/Library/Frameworks/CoreServices.framework/Versions/A/Frameworks/DictionaryServices.framework/Versions/A/DictionaryServices
0x0000000025c0b000 	/System/Library/Frameworks/CoreServices.framework/Versions/A/Frameworks/SharedFileList.framework/Versions/A/SharedFileList
0x0000000025c0b000 	/System/Library/Frameworks/NetFS.framework/Versions/A/NetFS
0x0000000025c0b000 	/System/Library/PrivateFrameworks/NetAuth.framework/Versions/A/NetAuth
0x0000000025c0b000 	/System/Library/PrivateFrameworks/login.framework/Versions/A/Frameworks/loginsupport.framework/Versions/A/loginsupport
0x0000000025c0b000 	/System/Library/PrivateFrameworks/TCC.framework/Versions/A/TCC
0x0000000025c0b000 	/usr/lib/libmecabra.dylib
0x0000000025c0b000 	/System/Library/Frameworks/ApplicationServices.framework/Versions/A/Frameworks/ATS.framework/Versions/A/ATS
0x0000000025c0b000 	/System/Library/Frameworks/ApplicationServices.framework/Versions/A/Frameworks/ColorSync.framework/Versions/A/ColorSync
0x0000000025c0b000 	/System/Library/Frameworks/ApplicationServices.framework/Versions/A/Frameworks/HIServices.framework/Versions/A/HIServices
0x0000000025c0b000 	/System/Library/Frameworks/ApplicationServices.framework/Versions/A/Frameworks/LangAnalysis.framework/Versions/A/LangAnalysis
0x0000000025c0b000 	/System/Library/Frameworks/ApplicationServices.framework/Versions/A/Frameworks/PrintCore.framework/Versions/A/PrintCore
0x0000000025c0b000 	/System/Library/Frameworks/ApplicationServices.framework/Versions/A/Frameworks/QD.framework/Versions/A/QD
0x0000000025c0b000 	/System/Library/Frameworks/ApplicationServices.framework/Versions/A/Frameworks/SpeechSynthesis.framework/Versions/A/SpeechSynthesis
0x0000000025c0b000 	/System/Library/Frameworks/Accelerate.framework/Versions/A/Frameworks/vImage.framework/Versions/A/vImage
0x0000000025c0b000 	/System/Library/Frameworks/Accelerate.framework/Versions/A/Frameworks/vecLib.framework/Versions/A/vecLib
0x0000000025c0b000 	/System/Library/Frameworks/Accelerate.framework/Versions/A/Frameworks/vecLib.framework/Versions/A/libvDSP.dylib
0x0000000025c0b000 	/System/Library/Frameworks/Accelerate.framework/Versions/A/Frameworks/vecLib.framework/Versions/A/libBNNS.dylib
0x0000000025c0b000 	/System/Library/Frameworks/Accelerate.framework/Versions/A/Frameworks/vecLib.framework/Versions/A/libQuadrature.dylib
0x0000000025c0b000 	/System/Library/Frameworks/Accelerate.framework/Versions/A/Frameworks/vecLib.framework/Versions/A/libvMisc.dylib
0x0000000025c0b000 	/System/Library/Frameworks/Accelerate.framework/Versions/A/Frameworks/vecLib.framework/Versions/A/libLAPACK.dylib
0x0000000025c0b000 	/System/Library/Frameworks/Accelerate.framework/Versions/A/Frameworks/vecLib.framework/Versions/A/libBLAS.dylib
0x0000000025c0b000 	/System/Library/Frameworks/Accelerate.framework/Versions/A/Frameworks/vecLib.framework/Versions/A/libLinearAlgebra.dylib
0x0000000025c0b000 	/System/Library/Frameworks/Accelerate.framework/Versions/A/Frameworks/vecLib.framework/Versions/A/libSparseBLAS.dylib
0x0000000025c0b000 	/System/Library/Frameworks/ApplicationServices.framework/Versions/A/Frameworks/ATS.framework/Versions/A/Resources/libFontParser.dylib
0x0000000025c0b000 	/System/Library/Frameworks/ApplicationServices.framework/Versions/A/Frameworks/ATS.framework/Versions/A/Resources/libFontRegistry.dylib
0x0000000025c0b000 	/System/Library/Frameworks/ImageIO.framework/Versions/A/Resources/libJPEG.dylib
0x0000000025c0b000 	/System/Library/Frameworks/ImageIO.framework/Versions/A/Resources/libTIFF.dylib
0x0000000025c0b000 	/System/Library/Frameworks/ImageIO.framework/Versions/A/Resources/libPng.dylib
0x0000000025c0b000 	/System/Library/Frameworks/ImageIO.framework/Versions/A/Resources/libGIF.dylib
0x0000000025c0b000 	/System/Library/Frameworks/ImageIO.framework/Versions/A/Resources/libJP2.dylib
0x0000000025c0b000 	/System/Library/Frameworks/ImageIO.framework/Versions/A/Resources/libRadiance.dylib
0x0000000025c0b000 	/usr/lib/libcompression.dylib
0x0000000025c0b000 	/System/Library/PrivateFrameworks/AppleJPEG.framework/Versions/A/AppleJPEG
0x0000000025c0b000 	/usr/lib/libcups.2.dylib
0x0000000025c0b000 	/System/Library/Frameworks/Kerberos.framework/Versions/A/Kerberos
0x0000000025c0b000 	/System/Library/Frameworks/GSS.framework/Versions/A/GSS
0x0000000025c0b000 	/usr/lib/libresolv.9.dylib
0x0000000025c0b000 	/usr/lib/libiconv.2.dylib
0x0000000025c0b000 	/System/Library/PrivateFrameworks/Heimdal.framework/Versions/A/Heimdal
0x0000000025c0b000 	/usr/lib/libheimdal-asn1.dylib
0x0000000025c0b000 	/System/Library/Frameworks/OpenDirectory.framework/Versions/A/OpenDirectory
0x0000000025c0b000 	/System/Library/PrivateFrameworks/CommonAuth.framework/Versions/A/CommonAuth
0x0000000025c0b000 	/System/Library/Frameworks/OpenDirectory.framework/Versions/A/Frameworks/CFOpenDirectory.framework/Versions/A/CFOpenDirectory
0x0000000025c0b000 	/System/Library/Frameworks/SecurityFoundation.framework/Versions/A/SecurityFoundation
0x0000000025c0b000 	/System/Library/PrivateFrameworks/LanguageModeling.framework/Versions/A/LanguageModeling
0x0000000025c0b000 	/usr/lib/libmarisa.dylib
0x0000000025c0b000 	/usr/lib/libChineseTokenizer.dylib
0x0000000025c0b000 	/usr/lib/libcmph.dylib
0x0000000025c0b000 	/System/Library/PrivateFrameworks/CoreEmoji.framework/Versions/A/CoreEmoji
0x0000000025c0b000 	/System/Library/Frameworks/ServiceManagement.framework/Versions/A/ServiceManagement
0x0000000025c0b000 	/usr/lib/libxslt.1.dylib
0x0000000025c0b000 	/System/Library/Frameworks/Carbon.framework/Versions/A/Frameworks/Ink.framework/Versions/A/Ink
0x0000000025c0b000 	/System/Library/PrivateFrameworks/TextureIO.framework/Versions/A/TextureIO
0x0000000025c0b000 	/System/Library/Frameworks/Metal.framework/Versions/A/Metal
0x0000000025c0b000 	/usr/lib/libate.dylib
0x0000000025c0b000 	/System/Library/PrivateFrameworks/GPUCompiler.framework/libmetal_timestamp.dylib
0x0000000025c0b000 	/System/Library/Frameworks/OpenGL.framework/Versions/A/Libraries/libCoreFSCache.dylib
0x0000000025c0b000 	/System/Library/PrivateFrameworks/IOAccelerator.framework/Versions/A/IOAccelerator
0x0000000025c0b000 	/System/Library/Frameworks/CoreVideo.framework/Versions/A/CoreVideo
0x0000000025c0b000 	/usr/lib/libFosl_dynamic.dylib
0x0000000025c0b000 	/System/Library/PrivateFrameworks/MetalPerformanceShaders.framework/Versions/A/MetalPerformanceShaders
0x0000000025c0b000 	/System/Library/PrivateFrameworks/FaceCore.framework/Versions/A/FaceCore
0x0000000025c0b000 	/System/Library/Frameworks/OpenCL.framework/Versions/A/OpenCL
0x0000000025c0b000 	/System/Library/Frameworks/OpenGL.framework/Versions/A/Libraries/libGLU.dylib
0x0000000025c0b000 	/System/Library/Frameworks/OpenGL.framework/Versions/A/Libraries/libGFXShared.dylib
0x0000000025c0b000 	/System/Library/Frameworks/OpenGL.framework/Versions/A/Libraries/libGL.dylib
0x0000000025c0b000 	/System/Library/Frameworks/OpenGL.framework/Versions/A/Libraries/libGLImage.dylib
0x0000000025c0b000 	/System/Library/Frameworks/OpenGL.framework/Versions/A/Libraries/libCVMSPluginSupport.dylib
0x0000000025c0b000 	/System/Library/Frameworks/OpenGL.framework/Versions/A/Libraries/libCoreVMClient.dylib
0x0000000025c0b000 	/System/Library/PrivateFrameworks/CrashReporterSupport.framework/Versions/A/CrashReporterSupport
0x0000000025c0b000 	/System/Library/PrivateFrameworks/Sharing.framework/Versions/A/Sharing
0x0000000025c0b000 	/System/Library/PrivateFrameworks/IconServices.framework/Versions/A/IconServices
0x0000000025c0b000 	/System/Library/PrivateFrameworks/ProtocolBuffer.framework/Versions/A/ProtocolBuffer
0x0000000025c0b000 	/System/Library/PrivateFrameworks/Apple80211.framework/Versions/A/Apple80211
0x0000000025c0b000 	/System/Library/Frameworks/CoreWLAN.framework/Versions/A/CoreWLAN
0x0000000025c0b000 	/System/Library/PrivateFrameworks/CoreUtils.framework/Versions/A/CoreUtils
0x0000000025c0b000 	/System/Library/Frameworks/IOBluetooth.framework/Versions/A/IOBluetooth
0x0000000025c0b000 	/System/Library/PrivateFrameworks/CoreWiFi.framework/Versions/A/CoreWiFi
0x0000000025c0b000 	/System/Library/Frameworks/CoreBluetooth.framework/Versions/A/CoreBluetooth
0x0000000025c0b000 	/System/Library/Frameworks/CoreDisplay.framework/Versions/A/CoreDisplay
0x0000000025c0b000 	/System/Library/PrivateFrameworks/IOPresentment.framework/Versions/A/IOPresentment
0x0000000025c0b000 	/System/Library/PrivateFrameworks/DSExternalDisplay.framework/Versions/A/DSExternalDisplay
0x0000000025c0b000 	/System/Library/PrivateFrameworks/DebugSymbols.framework/Versions/A/DebugSymbols
0x0000000025c0b000 	/System/Library/PrivateFrameworks/CoreSymbolication.framework/Versions/A/CoreSymbolication
0x0000000025c0b000 	/System/Library/PrivateFrameworks/Symbolication.framework/Versions/A/Symbolication
0x0000000025c0b000 	/System/Library/PrivateFrameworks/AppleFSCompression.framework/Versions/A/AppleFSCompression
0x0000000025c0b000 	/System/Library/PrivateFrameworks/SpeechRecognitionCore.framework/Versions/A/SpeechRecognitionCore
0x0000000025c0b000 	/System/Library/PrivateFrameworks/ChunkingLibrary.framework/Versions/A/ChunkingLibrary
0x000000010c000000 	/Applications/Android Studio.app/Contents/jre/jdk/Contents/Home/jre/lib/server/libjvm.dylib
0x0000000025c0b000 	/usr/lib/libstdc++.6.dylib
0x000000010b7ab000 	/Applications/Android Studio.app/Contents/jre/jdk/Contents/Home/jre/lib/libverify.dylib
0x000000010b7b7000 	/Applications/Android Studio.app/Contents/jre/jdk/Contents/Home/jre/lib/libjava.dylib
0x000000010b7f5000 	/Applications/Android Studio.app/Contents/jre/jdk/Contents/Home/jre/lib/libzip.dylib
0x000000010f8a0000 	/Applications/Android Studio.app/Contents/jre/jdk/Contents/Home/jre/lib/libnet.dylib
0x000000010f8b7000 	/Applications/Android Studio.app/Contents/jre/jdk/Contents/Home/jre/lib/libnio.dylib
0x000000010f8c7000 	/Users/fr9b/.gradle/native/25/osx-amd64/libnative-platform.dylib
0x0000000121bc1000 	/Applications/Android Studio.app/Contents/jre/jdk/Contents/Home/jre/lib/libmanagement.dylib

VM Arguments:
jvm_args: -Xmx1536m -Dfile.encoding=UTF-8 -Duser.country=SE -Duser.language=en -Duser.variant 
java_command: org.gradle.launcher.daemon.bootstrap.GradleDaemon 4.1
java_class_path (initial): /Users/fr9b/.gradle/wrapper/dists/gradle-4.1-all/bzyivzo6n839fup2jbap0tjew/gradle-4.1/lib/gradle-launcher-4.1.jar
Launcher Type: SUN_STANDARD

Environment Variables:
PATH=/usr/bin:/bin:/usr/sbin:/sbin
SHELL=/bin/bash

Signal Handlers:
SIGSEGV: [libjvm.dylib+0x53e133], sa_mask[0]=11111111011111110111111111111111, sa_flags=SA_ONSTACK|SA_RESTART|SA_SIGINFO
SIGBUS: [libjvm.dylib+0x53e133], sa_mask[0]=11111111011111110111111111111111, sa_flags=SA_RESTART|SA_SIGINFO
SIGFPE: [libjvm.dylib+0x4369af], sa_mask[0]=11111111011111110111111111111111, sa_flags=SA_RESTART|SA_SIGINFO
SIGPIPE: [libjvm.dylib+0x4369af], sa_mask[0]=11111111011111110111111111111111, sa_flags=SA_RESTART|SA_SIGINFO
SIGXFSZ: [libjvm.dylib+0x4369af], sa_mask[0]=11111111011111110111111111111111, sa_flags=SA_RESTART|SA_SIGINFO
SIGILL: [libjvm.dylib+0x4369af], sa_mask[0]=11111111011111110111111111111111, sa_flags=SA_RESTART|SA_SIGINFO
SIGUSR1: SIG_DFL, sa_mask[0]=00000000000000000000000000000000, sa_flags=none
SIGUSR2: [libjvm.dylib+0x4372d4], sa_mask[0]=00100000000000000000000000000000, sa_flags=SA_RESTART|SA_SIGINFO
SIGHUP: [libjvm.dylib+0x4354c9], sa_mask[0]=11111111011111110111111111111111, sa_flags=SA_RESTART|SA_SIGINFO
SIGINT: [libjvm.dylib+0x4354c9], sa_mask[0]=11111111011111110111111111111111, sa_flags=SA_RESTART|SA_SIGINFO
SIGTERM: [libjvm.dylib+0x4354c9], sa_mask[0]=11111111011111110111111111111111, sa_flags=SA_RESTART|SA_SIGINFO
SIGQUIT: [libjvm.dylib+0x4354c9], sa_mask[0]=11111111011111110111111111111111, sa_flags=SA_RESTART|SA_SIGINFO


---------------  S Y S T E M  ---------------

OS:Bsduname:Darwin 16.7.0 Darwin Kernel Version 16.7.0: Mon Nov 13 21:56:25 PST 2017; root:xnu-3789.72.11~1/RELEASE_X86_64 x86_64
rlimit: STACK 8192k, CORE 0k, NPROC 709, NOFILE 10240, AS infinity
load average:6.78 6.21 6.07

CPU:total 4 (initial active 4) (2 cores per cpu, 2 threads per core) family 6 model 42 stepping 7, cmov, cx8, fxsr, mmx, sse, sse2, sse3, ssse3, sse4.1, sse4.2, popcnt, avx, aes, clmul, ht, tsc, tscinvbit

Memory: 4k page, physical 8388608k(95932k free)

/proc/meminfo:


vm_info: OpenJDK 64-Bit Server VM (25.152-b08) for bsd-amd64 JRE (1.8.0_152-release-915-b08), built by "builder" with gcc 4.2.1 Compatible Apple LLVM 8.1.0 (clang-802.0.42)

time: Mon Feb 12 20:39:22 2018
elapsed time: 175 seconds (0d 0h 2m 55s)

